Arguments: 
  C:\Program Files\nodejs\node.exe C:\Users\Asus\AppData\Roaming\npm\node_modules\yarn\bin\yarn.js install

PATH: 
  C:\Users\Asus\AppData\Local\Temp\yarn--1669677616571-0.8722840811436889;C:\Users\Asus\AppData\Local\Yarn\Data\global\node_modules\.bin;C:\Users\Asus\AppData\Local\Yarn\Data\link\node_modules\.bin;C:\Users\Asus\AppData\Local\Yarn\bin;C:\Program Files\libexec\lib\node_modules\npm\bin\node-gyp-bin;C:\Program Files\lib\node_modules\npm\bin\node-gyp-bin;C:\Program Files\nodejs\node_modules\npm\bin\node-gyp-bin;C:\Users\Asus\bin;C:\Program Files\Git\mingw64\bin;C:\Program Files\Git\usr\local\bin;C:\Program Files\Git\usr\bin;C:\Program Files\Git\usr\bin;C:\Program Files\Git\mingw64\bin;C:\Program Files\Git\usr\bin;C:\Users\Asus\bin;C:\Python310\Scripts;C:\Python310;C:\Program Files\Microsoft MPI\Bin;C:\Program Files\Common Files\Oracle\Java\javapath;C:\Program Files (x86)\Common Files\Oracle\Java\javapath;C:\Program Files (x86)\Intel\iCLS Client;C:\Program Files\Intel\iCLS Client;C:\WINDOWS\system32;C:\WINDOWS;C:\WINDOWS\System32\Wbem;C:\WINDOWS\System32\WindowsPowerShell\v1.0;C:\Program Files (x86)\Intel\Intel(R) Management Engine Components\DAL;C:\Program Files\Intel\Intel(R) Management Engine Components\DAL;C:\Program Files (x86)\Intel\Intel(R) Management Engine Components\IPT;C:\Program Files\Intel\Intel(R) Management Engine Components\IPT;C:\Program Files\dotnet;C:\Program Files\Microsoft SQL Server\130\Tools\Binn;C:\Program Files\Microsoft SQL Server\Client SDK\ODBC\130\Tools\Binn;C:\Program Files (x86)\Microsoft SQL Server\140\Tools\Binn;C:\Program Files\Microsoft SQL Server\140\Tools\Binn;C:\Program Files\Microsoft SQL Server\140\DTS\Binn;C:\Program Files (x86)\Microsoft SQL Server\Client SDK\ODBC\130\Tools\Binn;C:\Program Files (x86)\Microsoft SQL Server\140\DTS\Binn;C:\Program Files (x86)\Microsoft SQL Server\140\Tools\Binn\ManagementStudio;C:\Program Files\Intel\WiFi\bin;C:\Program Files\Common Files\Intel\WirelessCommon;C:\Program Files\Microsoft\Web Platform Installer;C:\Program Files (x86)\Microsoft ASP.NET\ASP.NET Web Pages\v1.0;C:\WINDOWS\System32\OpenSSH;C:\Program Files\Microsoft SQL Server\Client SDK\ODBC\170\Tools\Binn;C:\Program Files\PuTTY;C:\Program Files (x86)\Microsoft SQL Server\150\Tools\Binn;C:\Program Files\Microsoft SQL Server\150\Tools\Binn;C:\Program Files\Microsoft SQL Server\150\DTS\Binn;C:\Program Files\Git\cmd;C:\Program Files\nodejs;C:\ProgramData\chocolatey\bin;C:\php-8.1.11-Win32-vs16-x64;C:\Users\Asus\AppData\Local\Microsoft\WindowsApps;C:\Users\Asus\.dotnet\tools;C:\Users\Asus\.dotnet\tools;C:\Users\Asus\AppData\Local\Microsoft\WindowsApps;C:\Users\Asus\AppData\Local\Programs\Microsoft VS Code\bin;C:\Users\Asus\AppData\Roaming\npm;C:\Users\Asus\AppData\Local\Android\Sdk\platform-tools;C:\Program Files\Git\usr\bin\vendor_perl;C:\Program Files\Git\usr\bin\core_perl

Yarn version: 
  1.22.17

Node version: 
  16.15.1

Platform: 
  win32 x64

Trace: 
  Error: ENOSPC: no space left on device, copyfile 'C:\Users\Asus\AppData\Local\Yarn\Cache\v6\npm-react-native-0.70.5-f60540b21d338891086e0a834e331c124dd1f55c-integrity\node_modules\react-native\android\com\facebook\react\react-native\0.70.5\react-native-0.70.5-debug-sources.jar' -> 'C:\Users\Asus\Documents\My_Web_Sites\Homeworks\Mob2\AwesomeProject\node_modules\react-native\android\com\facebook\react\react-native\0.70.5\react-native-0.70.5-debug-sources.jar'

npm manifest: 
  {
    "name": "awesomeproject",
    "version": "1.0.0",
    "main": "node_modules/expo/AppEntry.js",
    "scripts": {
      "start": "expo start",
      "android": "expo start --android",
      "ios": "expo start --ios",
      "web": "expo start --web"
    },
    "dependencies": {
      "expo": "~47.0.8",
      "expo-status-bar": "~1.4.2",
      "react": "18.1.0",
      "react-native": "0.70.5"
    },
    "devDependencies": {
      "@babel/core": "^7.12.9"
    },
    "private": true
  }

yarn manifest: 
  No manifest

Lockfile: 
  No lockfile
